<?xml version="1.0" encoding="UTF-8"?>
<!-- Generated by org.testng.reporters.JUnitReportReporter -->
<testsuite hostname="Aditya" failures="0" tests="1" name="testscript.CampaignModule" time="0.018" errors="0" timestamp="2025-06-26T10:42:50 IST" skipped="0">
  <testcase classname="testscript.CampaignModule" name="createCampaign" time="0.018">
    <system-out>
      <![CDATA[Campaign has been created]]>
    </system-out>
  </testcase> <!-- createCampaign -->
  <system-out>
    <![CDATA[Campaign has been created]]>
  </system-out>
</testsuite> <!-- testscript.CampaignModule -->
